[27-Dec-2014 01:24:42 UTC] PHP Warning:  mysql_connect(): Can't connect to local MySQL server through socket '/var/run/mysqld/mysqld.sock' (2) in /home/ubuntu/workspace/Web/API/users/get.php on line 3
[27-Dec-2014 01:27:52 UTC] PHP Warning:  mysqli_connect(): (HY000/2002): Can't connect to local MySQL server through socket '/var/run/mysqld/mysqld.sock' (2) in /home/ubuntu/workspace/Web/API/users/get.php on line 9
[27-Dec-2014 01:31:56 UTC] PHP Notice:  Undefined variable: IP in /home/ubuntu/workspace/Web/API/users/get.php on line 3
[27-Dec-2014 01:31:56 UTC] PHP Warning:  mysqli_connect(): (HY000/2002): Can't connect to local MySQL server through socket '/var/run/mysqld/mysqld.sock' (2) in /home/ubuntu/workspace/Web/API/users/get.php on line 9
[27-Dec-2014 01:36:41 UTC] PHP Notice:  Undefined variable: servername in /home/ubuntu/workspace/Web/API/users/get.php on line 8
[27-Dec-2014 01:36:41 UTC] PHP Notice:  Undefined variable: username in /home/ubuntu/workspace/Web/API/users/get.php on line 8
[27-Dec-2014 01:36:41 UTC] PHP Notice:  Undefined variable: password in /home/ubuntu/workspace/Web/API/users/get.php on line 8
[27-Dec-2014 01:36:41 UTC] PHP Notice:  Undefined variable: dbname in /home/ubuntu/workspace/Web/API/users/get.php on line 8
[27-Dec-2014 01:36:41 UTC] PHP Warning:  mysqli_connect(): (HY000/2002): Can't connect to local MySQL server through socket '/var/run/mysqld/mysqld.sock' (2) in /home/ubuntu/workspace/Web/API/users/get.php on line 8
[27-Dec-2014 01:36:58 UTC] PHP Notice:  Undefined variable: servername in /home/ubuntu/workspace/Web/API/users/get.php on line 8
[27-Dec-2014 01:36:58 UTC] PHP Notice:  Undefined variable: username in /home/ubuntu/workspace/Web/API/users/get.php on line 8
[27-Dec-2014 01:36:58 UTC] PHP Notice:  Undefined variable: password in /home/ubuntu/workspace/Web/API/users/get.php on line 8
[27-Dec-2014 01:36:58 UTC] PHP Notice:  Undefined variable: dbname in /home/ubuntu/workspace/Web/API/users/get.php on line 8
[27-Dec-2014 01:36:58 UTC] PHP Warning:  mysqli_connect(): (HY000/2002): Can't connect to local MySQL server through socket '/var/run/mysqld/mysqld.sock' (2) in /home/ubuntu/workspace/Web/API/users/get.php on line 8
[27-Dec-2014 01:37:00 UTC] PHP Notice:  Undefined variable: servername in /home/ubuntu/workspace/Web/API/users/get.php on line 8
[27-Dec-2014 01:37:00 UTC] PHP Notice:  Undefined variable: username in /home/ubuntu/workspace/Web/API/users/get.php on line 8
[27-Dec-2014 01:37:00 UTC] PHP Notice:  Undefined variable: password in /home/ubuntu/workspace/Web/API/users/get.php on line 8
[27-Dec-2014 01:37:00 UTC] PHP Notice:  Undefined variable: dbname in /home/ubuntu/workspace/Web/API/users/get.php on line 8
[27-Dec-2014 01:37:00 UTC] PHP Warning:  mysqli_connect(): (HY000/2002): Can't connect to local MySQL server through socket '/var/run/mysqld/mysqld.sock' (2) in /home/ubuntu/workspace/Web/API/users/get.php on line 8
[27-Dec-2014 01:39:32 UTC] PHP Warning:  mysqli_connect(): (28000/1045): Access denied for user 'mylifegrade'@'localhost' (using password: YES) in /home/ubuntu/workspace/Web/API/users/get.php on line 5
[27-Dec-2014 01:39:32 UTC] PHP Notice:  Undefined variable: servername in /home/ubuntu/workspace/Web/API/users/get.php on line 8
[27-Dec-2014 01:39:32 UTC] PHP Notice:  Undefined variable: username in /home/ubuntu/workspace/Web/API/users/get.php on line 8
[27-Dec-2014 01:39:32 UTC] PHP Notice:  Undefined variable: password in /home/ubuntu/workspace/Web/API/users/get.php on line 8
[27-Dec-2014 01:39:32 UTC] PHP Notice:  Undefined variable: dbname in /home/ubuntu/workspace/Web/API/users/get.php on line 8
[27-Dec-2014 01:39:32 UTC] PHP Warning:  mysqli_connect(): (HY000/2002): Can't connect to local MySQL server through socket '/var/run/mysqld/mysqld.sock' (2) in /home/ubuntu/workspace/Web/API/users/get.php on line 8
[27-Dec-2014 01:39:34 UTC] PHP Warning:  mysqli_connect(): (28000/1045): Access denied for user 'mylifegrade'@'localhost' (using password: YES) in /home/ubuntu/workspace/Web/API/users/get.php on line 5
[27-Dec-2014 01:39:34 UTC] PHP Notice:  Undefined variable: servername in /home/ubuntu/workspace/Web/API/users/get.php on line 8
[27-Dec-2014 01:39:34 UTC] PHP Notice:  Undefined variable: username in /home/ubuntu/workspace/Web/API/users/get.php on line 8
[27-Dec-2014 01:39:34 UTC] PHP Notice:  Undefined variable: password in /home/ubuntu/workspace/Web/API/users/get.php on line 8
[27-Dec-2014 01:39:34 UTC] PHP Notice:  Undefined variable: dbname in /home/ubuntu/workspace/Web/API/users/get.php on line 8
[27-Dec-2014 01:39:34 UTC] PHP Warning:  mysqli_connect(): (HY000/2002): Can't connect to local MySQL server through socket '/var/run/mysqld/mysqld.sock' (2) in /home/ubuntu/workspace/Web/API/users/get.php on line 8
[27-Dec-2014 01:51:01 UTC] PHP Parse error:  syntax error, unexpected '$result' (T_VARIABLE) in /home/ubuntu/workspace/Web/API/users/get.php on line 13
[27-Dec-2014 01:51:03 UTC] PHP Parse error:  syntax error, unexpected '$result' (T_VARIABLE) in /home/ubuntu/workspace/Web/API/users/get.php on line 13
[27-Dec-2014 01:51:16 UTC] PHP Warning:  mysqli_fetch_assoc() expects parameter 1 to be mysqli_result, boolean given in /home/ubuntu/workspace/Web/API/users/get.php on line 15
[27-Dec-2014 01:51:19 UTC] PHP Warning:  mysqli_fetch_assoc() expects parameter 1 to be mysqli_result, boolean given in /home/ubuntu/workspace/Web/API/users/get.php on line 15
[27-Dec-2014 01:52:39 UTC] PHP Warning:  mysqli_fetch_assoc() expects parameter 1 to be mysqli_result, boolean given in /home/ubuntu/workspace/Web/API/users/get.php on line 15
[27-Dec-2014 02:03:23 UTC] PHP Warning:  mysqli_fetch_assoc() expects exactly 1 parameter, 2 given in /home/ubuntu/workspace/Web/API/users/get.php on line 16
